<?xml version="1.0" encoding="UTF-8"?>
<!-- Generated by org.testng.reporters.JUnitReportReporter -->
<testsuite hostname="DESKTOP-720IL86" failures="0" tests="1" name="com.actitime.testscript.CreateCustomer" time="53.910" errors="0" timestamp="2023-04-12T09:40:10 IST" skipped="0">
  <testcase classname="com.actitime.testscript.CreateCustomer" name="createCustomer" time="53.910"/>
  <system-out>
    <![CDATA[create customer]]>
  </system-out>
</testsuite> <!-- com.actitime.testscript.CreateCustomer -->
